  drawboard.cpp
D:\Workspace\ComputerGraphics\3D-chess-party\field.h(102,1): warning C4305: 'initializing': truncation from 'double' to 'float'
  drawpieces.cpp
D:\Workspace\ComputerGraphics\3D-chess-party\bishop.h(4388,1): warning C4305: 'initializing': truncation from 'double' to 'float'
D:\Workspace\ComputerGraphics\3D-chess-party\bishop.h(8775,1): warning C4305: 'initializing': truncation from 'double' to 'float'
D:\Workspace\ComputerGraphics\3D-chess-party\bishop.h(13162,1): warning C4305: 'initializing': truncation from 'double' to 'float'
D:\Workspace\ComputerGraphics\3D-chess-party\king.h(6076,1): warning C4305: 'initializing': truncation from 'double' to 'float'
D:\Workspace\ComputerGraphics\3D-chess-party\king.h(12151,1): warning C4305: 'initializing': truncation from 'double' to 'float'
D:\Workspace\ComputerGraphics\3D-chess-party\king.h(18226,1): warning C4305: 'initializing': truncation from 'double' to 'float'
D:\Workspace\ComputerGraphics\3D-chess-party\knight.h(3748,1): warning C4305: 'initializing': truncation from 'double' to 'float'
D:\Workspace\ComputerGraphics\3D-chess-party\knight.h(7495,1): warning C4305: 'initializing': truncation from 'double' to 'float'
D:\Workspace\ComputerGraphics\3D-chess-party\knight.h(11242,1): warning C4305: 'initializing': truncation from 'double' to 'float'
D:\Workspace\ComputerGraphics\3D-chess-party\pawn.h(1252,1): warning C4305: 'initializing': truncation from 'double' to 'float'
D:\Workspace\ComputerGraphics\3D-chess-party\pawn.h(2503,1): warning C4305: 'initializing': truncation from 'double' to 'float'
D:\Workspace\ComputerGraphics\3D-chess-party\pawn.h(3754,1): warning C4305: 'initializing': truncation from 'double' to 'float'
D:\Workspace\ComputerGraphics\3D-chess-party\queen.h(7972,1): warning C4305: 'initializing': truncation from 'double' to 'float'
D:\Workspace\ComputerGraphics\3D-chess-party\queen.h(15943,1): warning C4305: 'initializing': truncation from 'double' to 'float'
D:\Workspace\ComputerGraphics\3D-chess-party\queen.h(23914,1): warning C4305: 'initializing': truncation from 'double' to 'float'
D:\Workspace\ComputerGraphics\3D-chess-party\rook.h(6276,1): warning C4305: 'initializing': truncation from 'double' to 'float'
D:\Workspace\ComputerGraphics\3D-chess-party\rook.h(12551,1): warning C4305: 'initializing': truncation from 'double' to 'float'
D:\Workspace\ComputerGraphics\3D-chess-party\rook.h(18826,1): warning C4305: 'initializing': truncation from 'double' to 'float'
  lodepng.cpp
D:\Workspace\ComputerGraphics\3D-chess-party\lodepng.cpp(732,37): warning C4334: '<<': result of 32-bit shift implicitly converted to 64 bits (was 64-bit shift intended?)
D:\Workspace\ComputerGraphics\3D-chess-party\lodepng.cpp(1394,31): warning C4267: '=': conversion from 'size_t' to 'int', possible loss of data
D:\Workspace\ComputerGraphics\3D-chess-party\lodepng.cpp(1398,33): warning C4267: '=': conversion from 'size_t' to 'int', possible loss of data
D:\Workspace\ComputerGraphics\3D-chess-party\lodepng.cpp(1470,92): warning C4267: '=': conversion from 'size_t' to 'unsigned int', possible loss of data
D:\Workspace\ComputerGraphics\3D-chess-party\lodepng.cpp(3413,50): warning C4334: '<<': result of 32-bit shift implicitly converted to 64 bits (was 64-bit shift intended?)
D:\Workspace\ComputerGraphics\3D-chess-party\lodepng.cpp(3427,60): warning C4267: 'argument': conversion from 'size_t' to 'unsigned int', possible loss of data
D:\Workspace\ComputerGraphics\3D-chess-party\lodepng.cpp(4234,79): warning C4267: '=': conversion from 'size_t' to 'unsigned int', possible loss of data
D:\Workspace\ComputerGraphics\3D-chess-party\lodepng.cpp(4282,45): warning C4267: '=': conversion from 'size_t' to 'unsigned int', possible loss of data
D:\Workspace\ComputerGraphics\3D-chess-party\lodepng.cpp(4362,63): warning C4267: '=': conversion from 'size_t' to 'unsigned int', possible loss of data
D:\Workspace\ComputerGraphics\3D-chess-party\lodepng.cpp(5301,46): warning C4267: 'initializing': conversion from 'size_t' to 'unsigned int', possible loss of data
  mainfile.cpp
D:\Workspace\ComputerGraphics\3D-chess-party\mainfile.cpp(123,22): warning C4244: '+=': conversion from 'double' to 'float', possible loss of data
D:\Workspace\ComputerGraphics\3D-chess-party\mainfile.cpp(125,23): warning C4244: '+=': conversion from 'double' to 'float', possible loss of data
D:\Workspace\ComputerGraphics\3D-chess-party\mainfile.cpp(128,36): warning C4305: '=': truncation from 'double' to 'float'
D:\Workspace\ComputerGraphics\3D-chess-party\mainfile.cpp(129,35): warning C4305: '=': truncation from 'double' to 'float'
  readtextures.cpp
  shaderprogram.cpp
D:\Workspace\ComputerGraphics\3D-chess-party\shaderprogram.cpp(19,50): warning C4267: 'initializing': conversion from 'size_t' to 'int', possible loss of data
  Generating Code...
glew32s.lib(glew.obj) : warning LNK4099: PDB '' was not found with 'glew32s.lib(glew.obj)' or at ''; linking object as if no debug info
  3D-chess-party.vcxproj -> D:\Workspace\ComputerGraphics\3D-chess-party\x64\Debug\3D-chess-party.exe
